# JRE version: OpenJDK Runtime Environment (8.0_242-b01) (build 1.8.0_242-release-1644-b01)
# Java VM: OpenJDK 64-Bit Server VM (25.242-b01 mixed mode windows-amd64 compressed oops)
Heap:
 PSYoungGen      total 343552K, used 123253K [0x00000000d5580000, 0x00000000ef600000, 0x0000000100000000)
  eden space 317440K, 35% used [0x00000000d5580000,0x00000000dc3cd138,0x00000000e8b80000)
  from space 26112K, 39% used [0x00000000e8b80000,0x00000000e9590568,0x00000000ea500000)
  to   space 25600K, 0% used [0x00000000edd00000,0x00000000edd00000,0x00000000ef600000)
 ParOldGen       total 155648K, used 51530K [0x0000000080000000, 0x0000000089800000, 0x00000000d5580000)
  object space 155648K, 33% used [0x0000000080000000,0x0000000083252828,0x0000000089800000)
 Metaspace       used 101470K, capacity 106322K, committed 107264K, reserved 1142784K
  class space    used 12981K, capacity 13863K, committed 14080K, reserved 1048576K
GC Heap History (10 events):
Event: 4079.198 GC heap before
{Heap before GC invocations=21 (full 4):
 PSYoungGen      total 273920K, used 17515K [0x00000000d5580000, 0x00000000e9b80000, 0x0000000100000000)
  eden space 244736K, 0% used [0x00000000d5580000,0x00000000d5580000,0x00000000e4480000)
  from space 29184K, 60% used [0x00000000e4480000,0x00000000e559af80,0x00000000e6100000)
  to   space 29696K, 0% used [0x00000000e7e80000,0x00000000e7e80000,0x00000000e9b80000)
 ParOldGen       total 112128K, used 74392K [0x0000000080000000, 0x0000000086d80000, 0x00000000d5580000)
  object space 112128K, 66% used [0x0000000080000000,0x00000000848a6070,0x0000000086d80000)
 Metaspace       used 93568K, capacity 98544K, committed 98600K, reserved 1134592K
  class space    used 12062K, capacity 13021K, committed 13056K, reserved 1048576K
Event: 4079.869 GC heap after
Heap after GC invocations=21 (full 4):
 PSYoungGen      total 273920K, used 0K [0x00000000d5580000, 0x00000000e9b80000, 0x0000000100000000)
  eden space 244736K, 0% used [0x00000000d5580000,0x00000000d5580000,0x00000000e4480000)
  from space 29184K, 0% used [0x00000000e4480000,0x00000000e4480000,0x00000000e6100000)
  to   space 29696K, 0% used [0x00000000e7e80000,0x00000000e7e80000,0x00000000e9b80000)
 ParOldGen       total 155648K, used 51514K [0x0000000080000000, 0x0000000089800000, 0x00000000d5580000)
  object space 155648K, 33% used [0x0000000080000000,0x000000008324e828,0x0000000089800000)
 Metaspace       used 92151K, capacity 95860K, committed 98600K, reserved 1134592K
  class space    used 11756K, capacity 12468K, committed 13056K, reserved 1048576K
}
Event: 4100.024 GC heap before
{Heap before GC invocations=22 (full 4):
 PSYoungGen      total 273920K, used 244736K [0x00000000d5580000, 0x00000000e9b80000, 0x0000000100000000)
  eden space 244736K, 100% used [0x00000000d5580000,0x00000000e4480000,0x00000000e4480000)
  from space 29184K, 0% used [0x00000000e4480000,0x00000000e4480000,0x00000000e6100000)
  to   space 29696K, 0% used [0x00000000e7e80000,0x00000000e7e80000,0x00000000e9b80000)
 ParOldGen       total 155648K, used 51514K [0x0000000080000000, 0x0000000089800000, 0x00000000d5580000)
  object space 155648K, 33% used [0x0000000080000000,0x000000008324e828,0x0000000089800000)
 Metaspace       used 99849K, capacity 104220K, committed 105600K, reserved 1140736K
  class space    used 12807K, capacity 13628K, committed 13952K, reserved 1048576K
Event: 4100.060 GC heap after
Heap after GC invocations=22 (full 4):
 PSYoungGen      total 305152K, used 14486K [0x00000000d5580000, 0x00000000e9b00000, 0x0000000100000000)
  eden space 275968K, 0% used [0x00000000d5580000,0x00000000d5580000,0x00000000e6300000)
  from space 29184K, 49% used [0x00000000e7e80000,0x00000000e8ca5a68,0x00000000e9b00000)
  to   space 28160K, 0% used [0x00000000e6300000,0x00000000e6300000,0x00000000e7e80000)
 ParOldGen       total 155648K, used 51522K [0x0000000080000000, 0x0000000089800000, 0x00000000d5580000)
  object space 155648K, 33% used [0x0000000080000000,0x0000000083250828,0x0000000089800000)
 Metaspace       used 99849K, capacity 104220K, committed 105600K, reserved 1140736K
  class space    used 12807K, capacity 13628K, committed 13952K, reserved 1048576K
}
Event: 4101.736 GC heap before
{Heap before GC invocations=23 (full 4):
 PSYoungGen      total 305152K, used 290454K [0x00000000d5580000, 0x00000000e9b00000, 0x0000000100000000)
  eden space 275968K, 100% used [0x00000000d5580000,0x00000000e6300000,0x00000000e6300000)
  from space 29184K, 49% used [0x00000000e7e80000,0x00000000e8ca5a68,0x00000000e9b00000)
  to   space 28160K, 0% used [0x00000000e6300000,0x00000000e6300000,0x00000000e7e80000)
 ParOldGen       total 155648K, used 51522K [0x0000000080000000, 0x0000000089800000, 0x00000000d5580000)
  object space 155648K, 33% used [0x0000000080000000,0x0000000083250828,0x0000000089800000)
 Metaspace       used 100099K, capacity 104564K, committed 105856K, reserved 1140736K
  class space    used 12818K, capacity 13670K, committed 13952K, reserved 1048576K
Event: 4101.759 GC heap after
Heap after GC invocations=23 (full 4):
 PSYoungGen      total 304128K, used 10354K [0x00000000d5580000, 0x00000000ebf80000, 0x0000000100000000)
  eden space 275968K, 0% used [0x00000000d5580000,0x00000000d5580000,0x00000000e6300000)
  from space 28160K, 36% used [0x00000000e6300000,0x00000000e6d1cbf8,0x00000000e7e80000)
  to   space 27136K, 0% used [0x00000000ea500000,0x00000000ea500000,0x00000000ebf80000)
 ParOldGen       total 155648K, used 51530K [0x0000000080000000, 0x0000000089800000, 0x00000000d5580000)
  object space 155648K, 33% used [0x0000000080000000,0x0000000083252828,0x0000000089800000)
 Metaspace       used 100099K, capacity 104564K, committed 105856K, reserved 1140736K
  class space    used 12818K, capacity 13670K, committed 13952K, reserved 1048576K
}
Event: 4103.450 GC heap before
{Heap before GC invocations=24 (full 4):
 PSYoungGen      total 304128K, used 286322K [0x00000000d5580000, 0x00000000ebf80000, 0x0000000100000000)
  eden space 275968K, 100% used [0x00000000d5580000,0x00000000e6300000,0x00000000e6300000)
  from space 28160K, 36% used [0x00000000e6300000,0x00000000e6d1cbf8,0x00000000e7e80000)
  to   space 27136K, 0% used [0x00000000ea500000,0x00000000ea500000,0x00000000ebf80000)
 ParOldGen       total 155648K, used 51530K [0x0000000080000000, 0x0000000089800000, 0x00000000d5580000)
  object space 155648K, 33% used [0x0000000080000000,0x0000000083252828,0x0000000089800000)
 Metaspace       used 100238K, capacity 104724K, committed 106112K, reserved 1140736K
  class space    used 12839K, capacity 13674K, committed 13952K, reserved 1048576K
Event: 4103.498 GC heap after
Heap after GC invocations=24 (full 4):
 PSYoungGen      total 344576K, used 10717K [0x00000000d5580000, 0x00000000ec800000, 0x0000000100000000)
  eden space 317440K, 0% used [0x00000000d5580000,0x00000000d5580000,0x00000000e8b80000)
  from space 27136K, 39% used [0x00000000ea500000,0x00000000eaf77668,0x00000000ebf80000)
  to   space 26112K, 0% used [0x00000000e8b80000,0x00000000e8b80000,0x00000000ea500000)
 ParOldGen       total 155648K, used 51530K [0x0000000080000000, 0x0000000089800000, 0x00000000d5580000)
  object space 155648K, 33% used [0x0000000080000000,0x0000000083252828,0x0000000089800000)
 Metaspace       used 100238K, capacity 104724K, committed 106112K, reserved 1140736K
  class space    used 12839K, capacity 13674K, committed 13952K, reserved 1048576K
}
Event: 4105.477 GC heap before
{Heap before GC invocations=25 (full 4):
 PSYoungGen      total 344576K, used 328157K [0x00000000d5580000, 0x00000000ec800000, 0x0000000100000000)
  eden space 317440K, 100% used [0x00000000d5580000,0x00000000e8b80000,0x00000000e8b80000)
  from space 27136K, 39% used [0x00000000ea500000,0x00000000eaf77668,0x00000000ebf80000)
  to   space 26112K, 0% used [0x00000000e8b80000,0x00000000e8b80000,0x00000000ea500000)
 ParOldGen       total 155648K, used 51530K [0x0000000080000000, 0x0000000089800000, 0x00000000d5580000)
  object space 155648K, 33% used [0x0000000080000000,0x0000000083252828,0x0000000089800000)
 Metaspace       used 100299K, capacity 104738K, committed 106112K, reserved 1140736K
  class space    used 12841K, capacity 13675K, committed 13952K, reserved 1048576K
Event: 4105.501 GC heap after
Heap after GC invocations=25 (full 4):
 PSYoungGen      total 343552K, used 10305K [0x00000000d5580000, 0x00000000ef600000, 0x0000000100000000)
  eden space 317440K, 0% used [0x00000000d5580000,0x00000000d5580000,0x00000000e8b80000)
  from space 26112K, 39% used [0x00000000e8b80000,0x00000000e9590568,0x00000000ea500000)
  to   space 25600K, 0% used [0x00000000edd00000,0x00000000edd00000,0x00000000ef600000)
 ParOldGen       total 155648K, used 51530K [0x0000000080000000, 0x0000000089800000, 0x00000000d5580000)
  object space 155648K, 33% used [0x0000000080000000,0x0000000083252828,0x0000000089800000)
 Metaspace       used 100299K, capacity 104738K, committed 106112K, reserved 1140736K
  class space    used 12841K, capacity 13675K, committed 13952K, reserved 1048576K
}

